<?xml version="1.0" encoding="UTF-8" ?>
<testsuite tests="28" failures="0" name="com.ultimaschool.java.clientes.ClienteBuilderTest" time="0.07" errors="0" skipped="0">
  <properties>
[...]
</properties>
  <testcase classname="com.ultimaschool.java.clientes.ClienteBuilderTest" name="testGetNomeCompleto" time="0.018"/>
  <testcase classname="com.ultimaschool.java.clientes.ClienteBuilderTest" name="testGetEmail" time="0"/>
  <testcase classname="com.ultimaschool.java.clientes.ClienteBuilderTest" name="testSetEndereco" time="0.001"/>
  <testcase classname="com.ultimaschool.java.clientes.ClienteBuilderTest" name="testGetEndereco" time="0.001"/>
  <testcase classname="com.ultimaschool.java.clientes.ClienteBuilderTest" name="testToString" time="0"/>
  <testcase classname="com.ultimaschool.java.clientes.ClienteBuilderTest" name="testGetPrimeiroNome" time="0.001"/>
  <testcase classname="com.ultimaschool.java.clientes.ClienteBuilderTest" name="testSetNomeCompleto" time="0"/>
  <testcase classname="com.ultimaschool.java.clientes.ClienteBuilderTest" name="testGetNomesDoMeio" time="0.001"/>
  <testcase classname="com.ultimaschool.java.clientes.ClienteBuilderTest" name="testGetSobrenome" time="0"/>
  <testcase classname="com.ultimaschool.java.clientes.ClienteBuilderTest" name="testSetTelefone" time="0.035"/>
  <testcase classname="com.ultimaschool.java.clientes.ClienteBuilderTest" name="testSetPrimeiroNome" time="0"/>
  <testcase classname="com.ultimaschool.java.clientes.ClienteBuilderTest" name="testGetTelefone" time="0.001"/>
  <testcase classname="com.ultimaschool.java.clientes.ClienteBuilderTest" name="testSetDataDeNascimento" time="0"/>
  <testcase classname="com.ultimaschool.java.clientes.ClienteBuilderTest" name="testSetDataNascimentoFailure" time="0.002"/>
  <testcase classname="com.ultimaschool.java.clientes.ClienteBuilderTest" name="testToStringIdentificacao" time="0"/>
  <testcase classname="com.ultimaschool.java.clientes.ClienteBuilderTest" name="testToStringComContato" time="0.001"/>
  <testcase classname="com.ultimaschool.java.clientes.ClienteBuilderTest" name="testGetIdadeAtual" time="0"/>
  <testcase classname="com.ultimaschool.java.clientes.ClienteBuilderTest" name="testSetGenero" time="0"/>
  <testcase classname="com.ultimaschool.java.clientes.ClienteBuilderTest" name="testGetGenero" time="0"/>
  <testcase classname="com.ultimaschool.java.clientes.ClienteBuilderTest" name="testSetTelefoneFailure" time="0.003"/>
  <testcase classname="com.ultimaschool.java.clientes.ClienteBuilderTest" name="testSetSobrenome" time="0"/>
  <testcase classname="com.ultimaschool.java.clientes.ClienteBuilderTest" name="testSetEmailFailure" time="0.004"/>
  <testcase classname="com.ultimaschool.java.clientes.ClienteBuilderTest" name="testGetCpf" time="0"/>
  <testcase classname="com.ultimaschool.java.clientes.ClienteBuilderTest" name="testSetIdadeAtual" time="0.001"/>
  <testcase classname="com.ultimaschool.java.clientes.ClienteBuilderTest" name="testGetDataDeNascimento" time="0"/>
  <testcase classname="com.ultimaschool.java.clientes.ClienteBuilderTest" name="testSetCpf" time="0"/>
  <testcase classname="com.ultimaschool.java.clientes.ClienteBuilderTest" name="testSetNomesDoMeio" time="0.001"/>
  <testcase classname="com.ultimaschool.java.clientes.ClienteBuilderTest" name="testSetEmail" time="0"/>
</testsuite>