<?xml version="1.0" encoding="UTF-8"?>
<testsuite xmlns:xsi="http://www.w3.org/2001/XMLSchema-instance" xsi:noNamespaceSchemaLocation="https://maven.apache.org/surefire/maven-surefire-plugin/xsd/surefire-test-report-3.0.xsd" version="3.0" name="com.ultimaschool.java.clientes.ClienteBuilderTest" time="0.097" tests="27" errors="0" skipped="0" failures="2">
  <properties>
[...]
</properties>
  <testcase name="testGetNomeCompleto" classname="com.ultimaschool.java.clientes.ClienteBuilderTest" time="0.01"/>
  <testcase name="testGetEmail" classname="com.ultimaschool.java.clientes.ClienteBuilderTest" time="0"/>
  <testcase name="testSetEndereco" classname="com.ultimaschool.java.clientes.ClienteBuilderTest" time="0.001"/>
  <testcase name="testGetEndereco" classname="com.ultimaschool.java.clientes.ClienteBuilderTest" time="0.001"/>
  <testcase name="testToString" classname="com.ultimaschool.java.clientes.ClienteBuilderTest" time="0"/>
  <testcase name="testGetPrimeiroNome" classname="com.ultimaschool.java.clientes.ClienteBuilderTest" time="0.001"/>
  <testcase name="testSetNomeCompleto" classname="com.ultimaschool.java.clientes.ClienteBuilderTest" time="0.001"/>
  <testcase name="testGetNomesDoMeio" classname="com.ultimaschool.java.clientes.ClienteBuilderTest" time="0"/>
  <testcase name="testGetSobrenome" classname="com.ultimaschool.java.clientes.ClienteBuilderTest" time="0.001"/>
  <testcase name="testSetTelefone" classname="com.ultimaschool.java.clientes.ClienteBuilderTest" time="0.004"/>
  <testcase name="testSetPrimeiroNome" classname="com.ultimaschool.java.clientes.ClienteBuilderTest" time="0"/>
  <testcase name="testGetTelefone" classname="com.ultimaschool.java.clientes.ClienteBuilderTest" time="0.001"/>
  <testcase name="testSetDataDeNascimento" classname="com.ultimaschool.java.clientes.ClienteBuilderTest" time="0.001"/>
  <testcase name="testToStringIdentificacao" classname="com.ultimaschool.java.clientes.ClienteBuilderTest" time="0.001"/>
  <testcase name="testToStringComContato" classname="com.ultimaschool.java.clientes.ClienteBuilderTest" time="0.001"/>
  <testcase name="testGetIdadeAtual" classname="com.ultimaschool.java.clientes.ClienteBuilderTest" time="0"/>
  <testcase name="testSetGenero" classname="com.ultimaschool.java.clientes.ClienteBuilderTest" time="0.001"/>
  <testcase name="testGetGenero" classname="com.ultimaschool.java.clientes.ClienteBuilderTest" time="0.001"/>
  <testcase name="testSetTelefoneFailure" classname="com.ultimaschool.java.clientes.ClienteBuilderTest" time="0.01">
    <failure message="Expected exception: com.ultimaschool.java.exceptions.InvalidPhoneException" type="java.lang.AssertionError"><![CDATA[java.lang.AssertionError: Expected exception: com.ultimaschool.java.exceptions.InvalidPhoneException
	at org.junit.internal.runners.statements.ExpectException.evaluate(ExpectException.java:34)
	at org.junit.internal.runners.statements.RunBefores.evaluate(RunBefores.java:26)
	at org.junit.internal.runners.statements.RunAfters.evaluate(RunAfters.java:27)
	at org.junit.runners.ParentRunner$3.evaluate(ParentRunner.java:306)
	at org.junit.runners.BlockJUnit4ClassRunner$1.evaluate(BlockJUnit4ClassRunner.java:100)
	at org.junit.runners.ParentRunner.runLeaf(ParentRunner.java:366)
	at org.junit.runners.BlockJUnit4ClassRunner.runChild(BlockJUnit4ClassRunner.java:103)
	at org.junit.runners.BlockJUnit4ClassRunner.runChild(BlockJUnit4ClassRunner.java:63)
	at org.junit.runners.ParentRunner$4.run(ParentRunner.java:331)
	at org.junit.runners.ParentRunner$1.schedule(ParentRunner.java:79)
	at org.junit.runners.ParentRunner.runChildren(ParentRunner.java:329)
	at org.junit.runners.ParentRunner.access$100(ParentRunner.java:66)
	at org.junit.runners.ParentRunner$2.evaluate(ParentRunner.java:293)
	at org.junit.runners.ParentRunner$3.evaluate(ParentRunner.java:306)
	at org.junit.runners.ParentRunner.run(ParentRunner.java:413)
	at org.apache.maven.surefire.junit4.JUnit4Provider.execute(JUnit4Provider.java:316)
	at org.apache.maven.surefire.junit4.JUnit4Provider.executeWithRerun(JUnit4Provider.java:240)
	at org.apache.maven.surefire.junit4.JUnit4Provider.executeTestSet(JUnit4Provider.java:214)
	at org.apache.maven.surefire.junit4.JUnit4Provider.invoke(JUnit4Provider.java:155)
	at org.apache.maven.surefire.booter.ForkedBooter.runSuitesInProcess(ForkedBooter.java:385)
	at org.apache.maven.surefire.booter.ForkedBooter.execute(ForkedBooter.java:162)
	at org.apache.maven.surefire.booter.ForkedBooter.run(ForkedBooter.java:507)
	at org.apache.maven.surefire.booter.ForkedBooter.main(ForkedBooter.java:495)
]]></failure>
  </testcase>
  <testcase name="testSetSobrenome" classname="com.ultimaschool.java.clientes.ClienteBuilderTest" time="0"/>
  <testcase name="testSetEmailFailure" classname="com.ultimaschool.java.clientes.ClienteBuilderTest" time="0.004">
    <failure message="Expected exception: com.ultimaschool.java.exceptions.InvalidEmailException" type="java.lang.AssertionError"><![CDATA[java.lang.AssertionError: Expected exception: com.ultimaschool.java.exceptions.InvalidEmailException
	at org.junit.internal.runners.statements.ExpectException.evaluate(ExpectException.java:34)
	at org.junit.internal.runners.statements.RunBefores.evaluate(RunBefores.java:26)
	at org.junit.internal.runners.statements.RunAfters.evaluate(RunAfters.java:27)
	at org.junit.runners.ParentRunner$3.evaluate(ParentRunner.java:306)
	at org.junit.runners.BlockJUnit4ClassRunner$1.evaluate(BlockJUnit4ClassRunner.java:100)
	at org.junit.runners.ParentRunner.runLeaf(ParentRunner.java:366)
	at org.junit.runners.BlockJUnit4ClassRunner.runChild(BlockJUnit4ClassRunner.java:103)
	at org.junit.runners.BlockJUnit4ClassRunner.runChild(BlockJUnit4ClassRunner.java:63)
	at org.junit.runners.ParentRunner$4.run(ParentRunner.java:331)
	at org.junit.runners.ParentRunner$1.schedule(ParentRunner.java:79)
	at org.junit.runners.ParentRunner.runChildren(ParentRunner.java:329)
	at org.junit.runners.ParentRunner.access$100(ParentRunner.java:66)
	at org.junit.runners.ParentRunner$2.evaluate(ParentRunner.java:293)
	at org.junit.runners.ParentRunner$3.evaluate(ParentRunner.java:306)
	at org.junit.runners.ParentRunner.run(ParentRunner.java:413)
	at org.apache.maven.surefire.junit4.JUnit4Provider.execute(JUnit4Provider.java:316)
	at org.apache.maven.surefire.junit4.JUnit4Provider.executeWithRerun(JUnit4Provider.java:240)
	at org.apache.maven.surefire.junit4.JUnit4Provider.executeTestSet(JUnit4Provider.java:214)
	at org.apache.maven.surefire.junit4.JUnit4Provider.invoke(JUnit4Provider.java:155)
	at org.apache.maven.surefire.booter.ForkedBooter.runSuitesInProcess(ForkedBooter.java:385)
	at org.apache.maven.surefire.booter.ForkedBooter.execute(ForkedBooter.java:162)
	at org.apache.maven.surefire.booter.ForkedBooter.run(ForkedBooter.java:507)
	at org.apache.maven.surefire.booter.ForkedBooter.main(ForkedBooter.java:495)
]]></failure>
  </testcase>
  <testcase name="testGetCpf" classname="com.ultimaschool.java.clientes.ClienteBuilderTest" time="0.001"/>
  <testcase name="testSetIdadeAtual" classname="com.ultimaschool.java.clientes.ClienteBuilderTest" time="0.001"/>
  <testcase name="testGetDataDeNascimento" classname="com.ultimaschool.java.clientes.ClienteBuilderTest" time="0"/>
  <testcase name="testSetCpf" classname="com.ultimaschool.java.clientes.ClienteBuilderTest" time="0.001"/>
  <testcase name="testSetNomesDoMeio" classname="com.ultimaschool.java.clientes.ClienteBuilderTest" time="0.001"/>
  <testcase name="testSetEmail" classname="com.ultimaschool.java.clientes.ClienteBuilderTest" time="0.001"/>
</testsuite>